<?xml version="1.0" encoding="UTF-8"?>
<testsuite xmlns:xsi="http://www.w3.org/2001/XMLSchema-instance" xsi:noNamespaceSchemaLocation="https://maven.apache.org/surefire/maven-surefire-plugin/xsd/surefire-test-report.xsd" version="3.0.2" name="com.osman.traviaskbot.TraviaskbotApplicationTests" time="7.222" tests="1" errors="0" skipped="0" failures="0">
  <properties>
[...]
</properties>
  <testcase name="contextLoads" classname="com.osman.traviaskbot.TraviaskbotApplicationTests" time="0.518">
    <system-out><![CDATA[23:26:33.223 [main] INFO org.springframework.test.context.support.AnnotationConfigContextLoaderUtils -- Could not detect default configuration classes for test class [com.osman.traviaskbot.TraviaskbotApplicationTests]: TraviaskbotApplicationTests does not declare any static, non-private, non-final, nested classes annotated with @Configuration.
23:26:33.329 [main] INFO org.springframework.boot.test.context.SpringBootTestContextBootstrapper -- Found @SpringBootConfiguration com.osman.traviaskbot.TraviaskBotApplication for test class com.osman.traviaskbot.TraviaskbotApplicationTests

  .   ____          _            __ _ _
 /\\ / ___'_ __ _ _(_)_ __  __ _ \ \ \ \
( ( )\___ | '_ | '_| | '_ \/ _` | \ \ \ \
 \\/  ___)| |_)| | | | | || (_| |  ) ) ) )
  '  |____| .__|_| |_|_| |_\__, | / / / /
 =========|_|==============|___/=/_/_/_/

 :: Spring Boot ::                (v3.4.2)

2025-05-04T23:26:33.785+03:00  INFO 16040 --- [           main] c.o.t.TraviaskbotApplicationTests        : Starting TraviaskbotApplicationTests using Java 17.0.15 with PID 16040 (started by asoyd in C:\Users\asoyd\OneDrive\Masaüstü\traviaskbott-main)
2025-05-04T23:26:33.786+03:00 DEBUG 16040 --- [           main] c.o.t.TraviaskbotApplicationTests        : Running with Spring Boot v3.4.2, Spring v6.2.2
2025-05-04T23:26:33.787+03:00  INFO 16040 --- [           main] c.o.t.TraviaskbotApplicationTests        : No active profile set, falling back to 1 default profile: "default"
2025-05-04T23:26:34.945+03:00  INFO 16040 --- [           main] .s.d.r.c.RepositoryConfigurationDelegate : Bootstrapping Spring Data JPA repositories in DEFAULT mode.
2025-05-04T23:26:35.021+03:00  INFO 16040 --- [           main] .s.d.r.c.RepositoryConfigurationDelegate : Finished Spring Data repository scanning in 65 ms. Found 6 JPA repository interfaces.
2025-05-04T23:26:35.713+03:00  INFO 16040 --- [           main] o.hibernate.jpa.internal.util.LogHelper  : HHH000204: Processing PersistenceUnitInfo [name: default]
2025-05-04T23:26:35.784+03:00  INFO 16040 --- [           main] org.hibernate.Version                    : HHH000412: Hibernate ORM core version 6.6.5.Final
2025-05-04T23:26:35.848+03:00  INFO 16040 --- [           main] o.h.c.internal.RegionFactoryInitiator    : HHH000026: Second-level cache disabled
2025-05-04T23:26:36.254+03:00  INFO 16040 --- [           main] o.s.o.j.p.SpringPersistenceUnitInfo      : No LoadTimeWeaver setup: ignoring JPA class transformer
2025-05-04T23:26:36.295+03:00  INFO 16040 --- [           main] com.zaxxer.hikari.HikariDataSource       : HikariPool-1 - Starting...
2025-05-04T23:26:36.488+03:00  INFO 16040 --- [           main] com.zaxxer.hikari.pool.HikariPool        : HikariPool-1 - Added connection org.postgresql.jdbc.PgConnection@5896b9f5
2025-05-04T23:26:36.490+03:00  INFO 16040 --- [           main] com.zaxxer.hikari.HikariDataSource       : HikariPool-1 - Start completed.
2025-05-04T23:26:36.522+03:00  WARN 16040 --- [           main] org.hibernate.orm.deprecation            : HHH90000025: PostgreSQLDialect does not need to be specified explicitly using 'hibernate.dialect' (remove the property setting and it will be selected by default)
2025-05-04T23:26:36.539+03:00  INFO 16040 --- [           main] org.hibernate.orm.connections.pooling    : HHH10001005: Database info:
	Database JDBC URL [Connecting through datasource 'HikariDataSource (HikariPool-1)']
	Database driver: undefined/unknown
	Database version: 17.4
	Autocommit mode: undefined/unknown
	Isolation level: undefined/unknown
	Minimum pool size: undefined/unknown
	Maximum pool size: undefined/unknown
2025-05-04T23:26:36.545+03:00 DEBUG 16040 --- [           main] o.h.t.d.sql.spi.DdlTypeRegistry          : addDescriptor(2003, org.hibernate.type.descriptor.sql.internal.ArrayDdlTypeImpl@24f90aff) replaced previous registration(org.hibernate.type.descriptor.sql.internal.ArrayDdlTypeImpl@7252bdb)
2025-05-04T23:26:36.546+03:00 DEBUG 16040 --- [           main] o.h.t.d.sql.spi.DdlTypeRegistry          : addDescriptor(6, org.hibernate.type.descriptor.sql.internal.CapacityDependentDdlType@25ea068e) replaced previous registration(org.hibernate.type.descriptor.sql.internal.DdlTypeImpl@4cd8db31)
2025-05-04T23:26:37.420+03:00  INFO 16040 --- [           main] o.h.e.t.j.p.i.JtaPlatformInitiator       : HHH000489: No JTA platform available (set 'hibernate.transaction.jta.platform' to enable JTA platform integration)
2025-05-04T23:26:37.475+03:00  INFO 16040 --- [           main] j.LocalContainerEntityManagerFactoryBean : Initialized JPA EntityManagerFactory for persistence unit 'default'
2025-05-04T23:26:38.431+03:00  WARN 16040 --- [           main] JpaBaseConfiguration$JpaWebConfiguration : spring.jpa.open-in-view is enabled by default. Therefore, database queries may be performed during view rendering. Explicitly configure spring.jpa.open-in-view to disable this warning
2025-05-04T23:26:39.587+03:00  INFO 16040 --- [           main] o.s.b.a.e.web.EndpointLinksResolver      : Exposing 1 endpoint beneath base path '/actuator'
2025-05-04T23:26:39.691+03:00  INFO 16040 --- [           main] c.o.t.TraviaskbotApplicationTests        : Started TraviaskbotApplicationTests in 6.169 seconds (process running for 7.323)
2025-05-04T23:26:39.701+03:00  INFO 16040 --- [   scheduling-1] c.o.t.scheduler.ReservationScheduler     : ? Planlı toplama başladı
]]></system-out>
  </testcase>
</testsuite>